[debug] [2022-12-31T12:35:21.580Z] ----------------------------------------------------------------------
[debug] [2022-12-31T12:35:21.582Z] Command:       C:\Program Files\nodejs\node.exe C:\Users\psh55\AppData\Roaming\npm\node_modules\firebase-tools\lib\bin\firebase.js init
[debug] [2022-12-31T12:35:21.582Z] CLI Version:   11.19.0
[debug] [2022-12-31T12:35:21.582Z] Platform:      win32
[debug] [2022-12-31T12:35:21.582Z] Node Version:  v18.12.1
[debug] [2022-12-31T12:35:21.583Z] Time:          Sat Dec 31 2022 21:35:21 GMT+0900 (대한민국 표준시)
[debug] [2022-12-31T12:35:21.583Z] ----------------------------------------------------------------------
[debug] 
[debug] [2022-12-31T12:35:21.589Z] > command requires scopes: ["email","openid","https://www.googleapis.com/auth/cloudplatformprojects.readonly","https://www.googleapis.com/auth/firebase","https://www.googleapis.com/auth/cloud-platform"]
[debug] [2022-12-31T12:35:21.589Z] > authorizing via signed-in user (psh5575@gmail.com)
[info] 
     ######## #### ########  ######## ########     ###     ######  ########
     ##        ##  ##     ## ##       ##     ##  ##   ##  ##       ##
     ######    ##  ########  ######   ########  #########  ######  ######
     ##        ##  ##    ##  ##       ##     ## ##     ##       ## ##
     ##       #### ##     ## ######## ########  ##     ##  ######  ########

You're about to initialize a Firebase project in this directory:

  C:\Users\psh55\Desktop\SPARTA-STUDY\sparata_react_native\homework1

[info] 
=== Project Setup
[info] 
[info] First, let's associate this project directory with a Firebase project.
[info] You can create multiple project aliases by running firebase use --add, 
[info] but for now we'll just set up a default project.
[info] 
[debug] [2022-12-31T12:35:39.209Z] > refreshing access token with scopes: []
[debug] [2022-12-31T12:35:39.211Z] >>> [apiv2][query] POST https://www.googleapis.com/oauth2/v3/token [none]
[debug] [2022-12-31T12:35:39.211Z] >>> [apiv2][body] POST https://www.googleapis.com/oauth2/v3/token [omitted]
[debug] [2022-12-31T12:35:39.448Z] <<< [apiv2][status] POST https://www.googleapis.com/oauth2/v3/token 200
[debug] [2022-12-31T12:35:39.448Z] <<< [apiv2][body] POST https://www.googleapis.com/oauth2/v3/token [omitted]
[debug] [2022-12-31T12:35:39.469Z] >>> [apiv2][query] GET https://firebase.googleapis.com/v1beta1/projects pageSize=100
[debug] [2022-12-31T12:35:40.105Z] <<< [apiv2][status] GET https://firebase.googleapis.com/v1beta1/projects 200
[debug] [2022-12-31T12:35:40.105Z] <<< [apiv2][body] GET https://firebase.googleapis.com/v1beta1/projects [omitted]
[info] i  Using project react-native-todolist-4aa67 (react-native-todoList) 
[info] 
=== Hosting Setup
[info] 
[info] Your public directory is the folder (relative to your project directory) that
[info] will contain Hosting assets to be uploaded with firebase deploy. If you
[info] have a build process for your assets, use your build's output directory.
[info] 
[debug] [2022-12-31T12:36:11.204Z] >>> [apiv2][query] GET https://www.gstatic.com/firebasejs/releases.json [none]
[debug] [2022-12-31T12:36:11.365Z] <<< [apiv2][status] GET https://www.gstatic.com/firebasejs/releases.json 200
[debug] [2022-12-31T12:36:11.366Z] <<< [apiv2][body] GET https://www.gstatic.com/firebasejs/releases.json {"current":{"version":"9.15.0","browserURL":"https://www.gstatic.com/firebasejs/9.15.0/firebase.js","packageURL":"https://www.gstatic.com/firebasejs/9.15.0/firebase.tgz"},"live":{"version":"9.15","browserURL":"https://www.gstatic.com/firebasejs/live/9.15/firebase.js","packageURL":"https://www.gstatic.com/firebasejs/live/9.15/firebase.tgz"},"components":{"analytics":"https://www.gstatic.com/firebasejs/9.15.0/firebase-analytics.js","app":"https://www.gstatic.com/firebasejs/9.15.0/firebase-app.js","app-check":"https://www.gstatic.com/firebasejs/9.15.0/firebase-app-check.js","auth":"https://www.gstatic.com/firebasejs/9.15.0/firebase-auth.js","auth/cordova":"https://www.gstatic.com/firebasejs/9.15.0/firebase-auth/cordova.js","auth/react-native":"https://www.gstatic.com/firebasejs/9.15.0/firebase-auth/react-native.js","functions":"https://www.gstatic.com/firebasejs/9.15.0/firebase-functions.js","firestore":"https://www.gstatic.com/firebasejs/9.15.0/firebase-firestore.js","firestore/lite":"https://www.gstatic.com/firebasejs/9.15.0/firebase-firestore/lite.js","installations":"https://www.gstatic.com/firebasejs/9.15.0/firebase-installations.js","storage":"https://www.gstatic.com/firebasejs/9.15.0/firebase-storage.js","performance":"https://www.gstatic.com/firebasejs/9.15.0/firebase-performance.js","remote-config":"https://www.gstatic.com/firebasejs/9.15.0/firebase-remote-config.js","messaging":"https://www.gstatic.com/firebasejs/9.15.0/firebase-messaging.js","messaging/sw":"https://www.gstatic.com/firebasejs/9.15.0/firebase-messaging/sw.js","database":"https://www.gstatic.com/firebasejs/9.15.0/firebase-database.js","firestore.memory":"https://www.gstatic.com/firebasejs/9.15.0/firebase-firestore.memory.js"}}
[info] +  Wrote public/index.html 
[info] 
[info] i  Detected a .git folder at C:\Users\psh55\Desktop\SPARTA-STUDY\sparata_react_native\homework1 
[info] i  Authorizing with GitHub to upload your service account to a GitHub repository's secrets store. 
[info] 
[info] Visit this URL on this device to log in:
[info] https://github.com/login/oauth/authorize?client_id=89cf50f02ac6aaed3484&state=571830730&redirect_uri=http%3A%2F%2Flocalhost%3A9005&scope=read%3Auser%20repo%20public_repo
[info] 
[info] Waiting for authentication...
[debug] [2022-12-31T12:36:11.965Z] >>> [apiv2][query] POST https://github.com/login/oauth/access_token [none]
[debug] [2022-12-31T12:36:11.965Z] >>> [apiv2][body] POST https://github.com/login/oauth/access_token [stream]
[debug] [2022-12-31T12:36:12.422Z] <<< [apiv2][status] POST https://github.com/login/oauth/access_token 200
[debug] [2022-12-31T12:36:12.422Z] <<< [apiv2][body] POST https://github.com/login/oauth/access_token {"access_token":"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","token_type":"bearer","scope":"read:user,repo"}
[debug] [2022-12-31T12:36:12.431Z] >>> [apiv2][query] GET https://api.github.com/user [none]
[debug] [2022-12-31T12:36:12.751Z] <<< [apiv2][status] GET https://api.github.com/user 200
[debug] [2022-12-31T12:36:12.751Z] <<< [apiv2][body] GET https://api.github.com/user {"login":"hwan910","id":114641091,"node_id":"U_kgDOBtVIww","avatar_url":"https://avatars.githubusercontent.com/u/114641091?v=4","gravatar_id":"","url":"https://api.github.com/users/hwan910","html_url":"https://github.com/hwan910","followers_url":"https://api.github.com/users/hwan910/followers","following_url":"https://api.github.com/users/hwan910/following{/other_user}","gists_url":"https://api.github.com/users/hwan910/gists{/gist_id}","starred_url":"https://api.github.com/users/hwan910/starred{/owner}{/repo}","subscriptions_url":"https://api.github.com/users/hwan910/subscriptions","organizations_url":"https://api.github.com/users/hwan910/orgs","repos_url":"https://api.github.com/users/hwan910/repos","events_url":"https://api.github.com/users/hwan910/events{/privacy}","received_events_url":"https://api.github.com/users/hwan910/received_events","type":"User","site_admin":false,"name":null,"company":null,"blog":"","location":null,"email":null,"hireable":null,"bio":null,"twitter_username":null,"public_repos":10,"public_gists":0,"followers":3,"following":3,"created_at":"2022-09-29T05:18:40Z","updated_at":"2022-11-20T07:57:29Z","private_gists":0,"total_private_repos":0,"owned_private_repos":0,"disk_usage":1278,"collaborators":0,"two_factor_authentication":false,"plan":{"name":"free","space":976562499,"collaborators":0,"private_repos":10000}}
[info] 
[info] +  Success! Logged into GitHub as hwan910 
[info] 
[debug] [2022-12-31T12:36:42.981Z] >>> [apiv2][query] GET https://api.github.com/repos/hwan910/react_native_todolist/actions/secrets/public-key type=owner
[debug] [2022-12-31T12:36:43.251Z] <<< [apiv2][status] GET https://api.github.com/repos/hwan910/react_native_todolist/actions/secrets/public-key 404
[debug] [2022-12-31T12:36:43.251Z] <<< [apiv2][body] GET https://api.github.com/repos/hwan910/react_native_todolist/actions/secrets/public-key {"message":"Not Found","documentation_url":"https://docs.github.com/rest/reference/actions#get-a-repository-public-key"}
[debug] [2022-12-31T12:36:48.624Z] >>> [apiv2][query] GET https://api.github.com/repos/hwan910/react_native_todolist/actions/secrets/public-key type=owner
[debug] [2022-12-31T12:36:48.882Z] <<< [apiv2][status] GET https://api.github.com/repos/hwan910/react_native_todolist/actions/secrets/public-key 404
[debug] [2022-12-31T12:36:48.882Z] <<< [apiv2][body] GET https://api.github.com/repos/hwan910/react_native_todolist/actions/secrets/public-key {"message":"Not Found","documentation_url":"https://docs.github.com/rest/reference/actions#get-a-repository-public-key"}
[debug] [2022-12-31T12:36:57.650Z] >>> [apiv2][query] GET https://api.github.com/repos/hwan910/react_native_todolist/actions/secrets/public-key type=owner
[debug] [2022-12-31T12:36:57.931Z] <<< [apiv2][status] GET https://api.github.com/repos/hwan910/react_native_todolist/actions/secrets/public-key 404
[debug] [2022-12-31T12:36:57.931Z] <<< [apiv2][body] GET https://api.github.com/repos/hwan910/react_native_todolist/actions/secrets/public-key {"message":"Not Found","documentation_url":"https://docs.github.com/rest/reference/actions#get-a-repository-public-key"}
[debug] [2022-12-31T12:36:58.731Z] >>> [apiv2][query] GET https://api.github.com/repos/hwan910/react_native_todolist/actions/secrets/public-key type=owner
[debug] [2022-12-31T12:36:58.996Z] <<< [apiv2][status] GET https://api.github.com/repos/hwan910/react_native_todolist/actions/secrets/public-key 404
[debug] [2022-12-31T12:36:58.996Z] <<< [apiv2][body] GET https://api.github.com/repos/hwan910/react_native_todolist/actions/secrets/public-key {"message":"Not Found","documentation_url":"https://docs.github.com/rest/reference/actions#get-a-repository-public-key"}
[debug] [2022-12-31T12:37:00.119Z] >>> [apiv2][query] GET https://api.github.com/repos/hwan910/react_native_todolist/actions/secrets/public-key type=owner
[debug] [2022-12-31T12:37:00.370Z] <<< [apiv2][status] GET https://api.github.com/repos/hwan910/react_native_todolist/actions/secrets/public-key 404
[debug] [2022-12-31T12:37:00.370Z] <<< [apiv2][body] GET https://api.github.com/repos/hwan910/react_native_todolist/actions/secrets/public-key {"message":"Not Found","documentation_url":"https://docs.github.com/rest/reference/actions#get-a-repository-public-key"}
[debug] [2022-12-31T12:37:18.532Z] >>> [apiv2][query] GET https://api.github.com/repos//actions/secrets/public-key type=owner
[debug] [2022-12-31T12:37:18.783Z] <<< [apiv2][status] GET https://api.github.com/repos//actions/secrets/public-key 404
[debug] [2022-12-31T12:37:18.784Z] <<< [apiv2][body] GET https://api.github.com/repos//actions/secrets/public-key {"message":"Not Found","documentation_url":"https://docs.github.com/rest"}
[debug] [2022-12-31T12:37:19.471Z] >>> [apiv2][query] GET https://api.github.com/repos//actions/secrets/public-key type=owner
[debug] [2022-12-31T12:37:19.710Z] <<< [apiv2][status] GET https://api.github.com/repos//actions/secrets/public-key 404
[debug] [2022-12-31T12:37:19.710Z] <<< [apiv2][body] GET https://api.github.com/repos//actions/secrets/public-key {"message":"Not Found","documentation_url":"https://docs.github.com/rest"}
